<?xml version="1.0" encoding="UTF-8"?>
<!-- Generated by org.testng.reporters.JUnitReportReporter -->
<testsuite skipped="0" hostname="DESKTOP-MUEUS88" name="FirstMavenProject.FirstMavenProject.PersonalLoan" tests="2" failures="0" timestamp="04 Jun 2023 19:32:17 GMT" time="0.010" errors="0">
  <testcase name="PersonalLoanwithAPP" time="0.010" classname="FirstMavenProject.FirstMavenProject.PersonalLoan"/>
  <testcase name="PersonalLoanwithBranch" time="0.000" classname="FirstMavenProject.FirstMavenProject.PersonalLoan"/>
</testsuite> <!-- FirstMavenProject.FirstMavenProject.PersonalLoan -->
