<?xml version="1.0" encoding="UTF-8"?>
<!-- Generated by org.testng.reporters.JUnitReportReporter -->
<testsuite skipped="0" hostname="DESKTOP-MUEUS88" name="FirstMavenProject.FirstMavenProject.CarLoan" tests="1" failures="0" timestamp="19 May 2023 18:45:48 GMT" time="0.001" errors="0">
  <testcase name="CarLoanwithBranch" time="0.001" classname="FirstMavenProject.FirstMavenProject.CarLoan"/>
</testsuite> <!-- FirstMavenProject.FirstMavenProject.CarLoan -->
