<?xml version="1.0" encoding="UTF-8"?>
<!-- Generated by org.testng.reporters.JUnitReportReporter -->
<testsuite skipped="0" hostname="DESKTOP-MUEUS88" name="FirstMavenProject.FirstMavenProject.CarLoan" tests="3" failures="0" timestamp="06 Jun 2023 21:11:45 GMT" time="0.007" errors="0">
  <testcase name="CarLoanwithWeb" time="0.006" classname="FirstMavenProject.FirstMavenProject.CarLoan"/>
  <testcase name="CarLoanwithAPP" time="0.000" classname="FirstMavenProject.FirstMavenProject.CarLoan"/>
  <testcase name="CarLoanwithBranch" time="0.001" classname="FirstMavenProject.FirstMavenProject.CarLoan"/>
</testsuite> <!-- FirstMavenProject.FirstMavenProject.CarLoan -->
