<?xml version="1.0" encoding="UTF-8"?>
<!-- Generated by org.testng.reporters.JUnitReportReporter -->
<testsuite skipped="0" hostname="DESKTOP-MUEUS88" name="FirstMavenProject.FirstMavenProject.PersonalLoan" tests="3" failures="0" timestamp="06 Jun 2023 21:11:45 GMT" time="0.031" errors="0">
  <testcase name="PersonalLoanwithWeb" time="0.002" classname="FirstMavenProject.FirstMavenProject.PersonalLoan"/>
  <testcase name="PersonalLoanwithAPP" time="0.027" classname="FirstMavenProject.FirstMavenProject.PersonalLoan"/>
  <testcase name="PersonalLoanwithBranch" time="0.002" classname="FirstMavenProject.FirstMavenProject.PersonalLoan"/>
</testsuite> <!-- FirstMavenProject.FirstMavenProject.PersonalLoan -->
