<?xml version="1.0" encoding="UTF-8"?>
<!-- Generated by org.testng.reporters.JUnitReportReporter -->
<testsuite hostname="DESKTOP-MUEUS88" failures="0" tests="1" name="FirstMavenProject.FirstMavenProject.FirstTestcase" time="0.064" errors="0" timestamp="18 May 2023 19:43:00 GMT" skipped="0">
  <testcase classname="FirstMavenProject.FirstMavenProject.FirstTestcase" name="Login" time="0.064"/>
</testsuite> <!-- FirstMavenProject.FirstMavenProject.FirstTestcase -->
