<?xml version="1.0" encoding="UTF-8"?>
<!-- Generated by org.testng.reporters.JUnitReportReporter -->
<testsuite hostname="DESKTOP-MUEUS88" failures="0" tests="1" name="FirstMavenProject.FirstMavenProject.MainTest" time="6.283" errors="0" timestamp="28 May 2023 21:13:53 GMT" skipped="0">
  <testcase classname="FirstMavenProject.FirstMavenProject.MainTest" name="ValidLogin" time="6.283"/>
</testsuite> <!-- FirstMavenProject.FirstMavenProject.MainTest -->
