<?xml version="1.0" encoding="UTF-8"?>
<!-- Generated by org.testng.reporters.JUnitReportReporter -->
<testsuite hostname="DESKTOP-MUEUS88" failures="0" tests="1" name="FirstMavenProject.FirstMavenProject.PersonalLoan" time="0.016" errors="0" timestamp="19 May 2023 18:34:10 GMT" skipped="0">
  <testcase classname="FirstMavenProject.FirstMavenProject.PersonalLoan" name="PersonalLoanwithWeb" time="0.016"/>
</testsuite> <!-- FirstMavenProject.FirstMavenProject.PersonalLoan -->
