<?xml version="1.0" encoding="UTF-8"?>
<!-- Generated by org.testng.reporters.JUnitReportReporter -->
<testsuite hostname="DESKTOP-MUEUS88" failures="0" tests="2" name="FirstMavenProject.FirstMavenProject.MainTest" time="9.461" errors="0" timestamp="04 Jun 2023 20:48:36 GMT" skipped="0">
  <testcase classname="FirstMavenProject.FirstMavenProject.MainTest" name="ValidLogin" time="6.683"/>
  <testcase classname="FirstMavenProject.FirstMavenProject.MainTest" name="GetDatafromExcel" time="2.778"/>
</testsuite> <!-- FirstMavenProject.FirstMavenProject.MainTest -->
